[2025-07-02 21:26:22] Initializing MetroPriceScraper
[2025-07-02 21:28:03] Initializing MetroPriceScraper
[2025-07-02 21:28:03] Starting to process CSV file for Metro...
[2025-07-02 21:28:03] Processing SKU: dawn paratha plain paratha 5 pcs for Metro
[2025-07-02 21:28:03] Scraping price from Metro: https://www.naheed.pk/dawn-paratha-5-pieces
[2025-07-02 21:28:03] Connecting to Selenium WebDriver at http://localhost:4444/wd/hub
[2025-07-02 21:28:03] Selenium/WebDriver error: JSON decoding of remote response failed.
Error code: 4
The response: 'unhandled request'
. Make sure Selenium server (e.g. ChromeDriver) is running at http://localhost:4444/wd/hub
[2025-07-02 21:28:03] ❌ Metro - dawn paratha plain paratha 5 pcs: No price found (set to None)
[2025-07-02 21:28:08] Processing SKU: Dawn Whole wheat paratha 5 pcs for Metro
[2025-07-02 21:28:08] Scraping price from Metro: https://www.naheed.pk/dawn-whole-wheat-paratha-5-pieces
[2025-07-02 21:28:08] Connecting to Selenium WebDriver at http://localhost:4444/wd/hub
[2025-07-02 21:28:08] Selenium/WebDriver error: JSON decoding of remote response failed.
Error code: 4
The response: 'unhandled request'
. Make sure Selenium server (e.g. ChromeDriver) is running at http://localhost:4444/wd/hub
[2025-07-02 21:28:08] ❌ Metro - Dawn Whole wheat paratha 5 pcs: No price found (set to None)
[2025-07-02 21:28:13] Processing SKU: Knorr Noodles for Metro
[2025-07-02 21:28:13] Scraping price from Metro: https://www.naheed.pk/knorr-noodles-chatt-patta-family-pack-4-pack-inside
[2025-07-02 21:28:13] Connecting to Selenium WebDriver at http://localhost:4444/wd/hub
[2025-07-02 21:28:13] Selenium/WebDriver error: JSON decoding of remote response failed.
Error code: 4
The response: 'unhandled request'
. Make sure Selenium server (e.g. ChromeDriver) is running at http://localhost:4444/wd/hub
[2025-07-02 21:28:13] ❌ Metro - Knorr Noodles: No price found (set to None)
[2025-07-02 21:28:18] Processing SKU: Tapal Danedar 900gm for Metro
[2025-07-02 21:28:18] Scraping price from Metro: https://www.naheed.pk/tapal-danedar-tea-900g
[2025-07-02 21:28:18] Connecting to Selenium WebDriver at http://localhost:4444/wd/hub
[2025-07-02 21:28:18] Selenium/WebDriver error: JSON decoding of remote response failed.
Error code: 4
The response: 'unhandled request'
. Make sure Selenium server (e.g. ChromeDriver) is running at http://localhost:4444/wd/hub
[2025-07-02 21:28:18] ❌ Metro - Tapal Danedar 900gm: No price found (set to None)
[2025-07-02 21:28:19] Initializing MetroPriceScraper
[2025-07-02 21:28:19] Starting to process CSV file for Metro...
[2025-07-02 21:28:19] Processing SKU: dawn paratha plain paratha 5 pcs for Metro
[2025-07-02 21:28:19] Scraping price from Metro: https://www.naheed.pk/dawn-paratha-5-pieces
[2025-07-02 21:28:19] Connecting to Selenium WebDriver at http://localhost:4444/wd/hub
[2025-07-02 21:28:19] Selenium/WebDriver error: JSON decoding of remote response failed.
Error code: 4
The response: 'unhandled request'
. Make sure Selenium server (e.g. ChromeDriver) is running at http://localhost:4444/wd/hub
[2025-07-02 21:28:19] ❌ Metro - dawn paratha plain paratha 5 pcs: No price found (set to None)
[2025-07-02 21:28:23] Processing SKU: Sugar 1kg for Metro
[2025-07-02 21:28:23] Scraping price from Metro: https://www.naheed.pk/naheed-sugar-danedar-special-1-kg
[2025-07-02 21:28:23] Connecting to Selenium WebDriver at http://localhost:4444/wd/hub
[2025-07-02 21:28:23] Selenium/WebDriver error: JSON decoding of remote response failed.
Error code: 4
The response: 'unhandled request'
. Make sure Selenium server (e.g. ChromeDriver) is running at http://localhost:4444/wd/hub
[2025-07-02 21:28:23] ❌ Metro - Sugar 1kg: No price found (set to None)
[2025-07-02 21:28:23] ✅ Completed processing Metro data!
[2025-07-02 21:28:23] Total products processed: 5
[2025-07-02 21:28:23] Saving Metro data to CSV: metro.csv
[2025-07-02 21:28:23] ✅ Saved 5 Metro products to CSV!
[2025-07-02 21:28:23] Creating MySQL table...
[2025-07-02 21:28:23] ✅ MySQL table created successfully!
[2025-07-02 21:28:23] Saving Metro data to MySQL...
[2025-07-02 21:28:23] Updated Metro data for SKU: dawn paratha plain paratha 5 pcs
[2025-07-02 21:28:23] Updated Metro data for SKU: Dawn Whole wheat paratha 5 pcs
[2025-07-02 21:28:23] Updated Metro data for SKU: Knorr Noodles
[2025-07-02 21:28:23] Updated Metro data for SKU: Tapal Danedar 900gm
[2025-07-02 21:28:23] Updated Metro data for SKU: Sugar 1kg
[2025-07-02 21:28:23] ✅ Saved 5 Metro products to MySQL!
[2025-07-02 21:28:23] Saving Metro data to CSV: metro.csv
[2025-07-02 21:28:23] ✅ Saved 5 Metro products to CSV!
[2025-07-02 21:28:24] Processing SKU: Dawn Whole wheat paratha 5 pcs for Metro
[2025-07-02 21:28:24] Scraping price from Metro: https://www.naheed.pk/dawn-whole-wheat-paratha-5-pieces
[2025-07-02 21:28:24] Connecting to Selenium WebDriver at http://localhost:4444/wd/hub
[2025-07-02 21:28:24] Selenium/WebDriver error: JSON decoding of remote response failed.
Error code: 4
The response: 'unhandled request'
. Make sure Selenium server (e.g. ChromeDriver) is running at http://localhost:4444/wd/hub
[2025-07-02 21:28:24] ❌ Metro - Dawn Whole wheat paratha 5 pcs: No price found (set to None)
[2025-07-02 21:28:29] Processing SKU: Knorr Noodles for Metro
[2025-07-02 21:28:29] Scraping price from Metro: https://www.naheed.pk/knorr-noodles-chatt-patta-family-pack-4-pack-inside
[2025-07-02 21:28:29] Connecting to Selenium WebDriver at http://localhost:4444/wd/hub
[2025-07-02 21:28:29] Selenium/WebDriver error: JSON decoding of remote response failed.
Error code: 4
The response: 'unhandled request'
. Make sure Selenium server (e.g. ChromeDriver) is running at http://localhost:4444/wd/hub
[2025-07-02 21:28:29] ❌ Metro - Knorr Noodles: No price found (set to None)
[2025-07-02 21:28:34] Processing SKU: Tapal Danedar 900gm for Metro
[2025-07-02 21:28:34] Scraping price from Metro: https://www.naheed.pk/tapal-danedar-tea-900g
[2025-07-02 21:28:34] Connecting to Selenium WebDriver at http://localhost:4444/wd/hub
[2025-07-02 21:28:34] Selenium/WebDriver error: JSON decoding of remote response failed.
Error code: 4
The response: 'unhandled request'
. Make sure Selenium server (e.g. ChromeDriver) is running at http://localhost:4444/wd/hub
[2025-07-02 21:28:34] ❌ Metro - Tapal Danedar 900gm: No price found (set to None)
[2025-07-02 21:29:51] Initializing MetroPriceScraper
[2025-07-02 21:29:51] Starting to process CSV file for Metro...
[2025-07-02 21:29:51] Processing SKU: dawn paratha plain paratha 5 pcs for Metro
[2025-07-02 21:29:51] Scraping price from Metro: https://www.naheed.pk/dawn-paratha-5-pieces
[2025-07-02 21:29:51] Connecting to Selenium WebDriver at http://localhost:4444/wd/hub
[2025-07-02 21:29:51] Selenium/WebDriver error: JSON decoding of remote response failed.
Error code: 4
The response: 'unhandled request'
. Make sure Selenium server (e.g. ChromeDriver) is running at http://localhost:4444/wd/hub
[2025-07-02 21:29:51] ❌ Metro - dawn paratha plain paratha 5 pcs: No price found (set to None)
[2025-07-02 21:29:56] Processing SKU: Dawn Whole wheat paratha 5 pcs for Metro
[2025-07-02 21:29:56] Scraping price from Metro: https://www.naheed.pk/dawn-whole-wheat-paratha-5-pieces
[2025-07-02 21:29:56] Connecting to Selenium WebDriver at http://localhost:4444/wd/hub
[2025-07-02 21:29:56] Selenium/WebDriver error: JSON decoding of remote response failed.
Error code: 4
The response: 'unhandled request'
. Make sure Selenium server (e.g. ChromeDriver) is running at http://localhost:4444/wd/hub
[2025-07-02 21:29:56] ❌ Metro - Dawn Whole wheat paratha 5 pcs: No price found (set to None)
[2025-07-02 21:30:01] Processing SKU: Knorr Noodles for Metro
[2025-07-02 21:30:01] Scraping price from Metro: https://www.naheed.pk/knorr-noodles-chatt-patta-family-pack-4-pack-inside
[2025-07-02 21:30:01] Connecting to Selenium WebDriver at http://localhost:4444/wd/hub
[2025-07-02 21:30:01] Selenium/WebDriver error: JSON decoding of remote response failed.
Error code: 4
The response: 'unhandled request'
. Make sure Selenium server (e.g. ChromeDriver) is running at http://localhost:4444/wd/hub
[2025-07-02 21:30:01] ❌ Metro - Knorr Noodles: No price found (set to None)
[2025-07-02 21:30:06] Processing SKU: Tapal Danedar 900gm for Metro
[2025-07-02 21:30:06] Scraping price from Metro: https://www.naheed.pk/tapal-danedar-tea-900g
[2025-07-02 21:30:06] Connecting to Selenium WebDriver at http://localhost:4444/wd/hub
[2025-07-02 21:30:06] Selenium/WebDriver error: JSON decoding of remote response failed.
Error code: 4
The response: 'unhandled request'
. Make sure Selenium server (e.g. ChromeDriver) is running at http://localhost:4444/wd/hub
[2025-07-02 21:30:06] ❌ Metro - Tapal Danedar 900gm: No price found (set to None)
[2025-07-02 21:30:11] Processing SKU: Sugar 1kg for Metro
[2025-07-02 21:30:11] Scraping price from Metro: https://www.naheed.pk/naheed-sugar-danedar-special-1-kg
[2025-07-02 21:30:11] Connecting to Selenium WebDriver at http://localhost:4444/wd/hub
[2025-07-02 21:30:11] Selenium/WebDriver error: JSON decoding of remote response failed.
Error code: 4
The response: 'unhandled request'
. Make sure Selenium server (e.g. ChromeDriver) is running at http://localhost:4444/wd/hub
[2025-07-02 21:30:11] ❌ Metro - Sugar 1kg: No price found (set to None)
[2025-07-02 21:30:11] ✅ Completed processing Metro data!
[2025-07-02 21:30:11] Total products processed: 5
[2025-07-02 21:30:11] Saving Metro data to CSV: metro.csv
[2025-07-02 21:30:11] ✅ Saved 5 Metro products to CSV!
[2025-07-02 21:30:11] Creating MySQL table...
[2025-07-02 21:30:11] ✅ MySQL table created successfully!
[2025-07-02 21:30:11] Saving Metro data to MySQL...
[2025-07-02 21:30:11] Updated Metro data for SKU: dawn paratha plain paratha 5 pcs
[2025-07-02 21:30:11] Updated Metro data for SKU: Dawn Whole wheat paratha 5 pcs
[2025-07-02 21:30:11] Updated Metro data for SKU: Knorr Noodles
[2025-07-02 21:30:11] Updated Metro data for SKU: Tapal Danedar 900gm
[2025-07-02 21:30:11] Updated Metro data for SKU: Sugar 1kg
[2025-07-02 21:30:11] ✅ Saved 5 Metro products to MySQL!
[2025-07-02 21:30:11] Saving Metro data to CSV: metro.csv
[2025-07-02 21:30:11] ✅ Saved 5 Metro products to CSV!
[2025-07-02 21:30:34] Initializing MetroPriceScraper
[2025-07-02 21:30:34] Starting to process CSV file for Metro...
[2025-07-02 21:30:34] Processing SKU: dawn paratha plain paratha 5 pcs for Metro
[2025-07-02 21:30:34] Scraping price from Metro: https://www.naheed.pk/dawn-paratha-5-pieces
[2025-07-02 21:30:34] Connecting to ChromeDriver at http://localhost:4444
[2025-07-02 21:30:34] Selenium/WebDriver error: JSON decoding of remote response failed.
Error code: 4
The response: 'unhandled request'
. Make sure Selenium server (e.g. ChromeDriver) is running at http://localhost:4444
[2025-07-02 21:30:34] ❌ Metro - dawn paratha plain paratha 5 pcs: No price found (set to None)
[2025-07-02 21:30:39] Processing SKU: Dawn Whole wheat paratha 5 pcs for Metro
[2025-07-02 21:30:39] Scraping price from Metro: https://www.naheed.pk/dawn-whole-wheat-paratha-5-pieces
[2025-07-02 21:30:39] Connecting to ChromeDriver at http://localhost:4444
[2025-07-02 21:30:39] Selenium/WebDriver error: JSON decoding of remote response failed.
Error code: 4
The response: 'unhandled request'
. Make sure Selenium server (e.g. ChromeDriver) is running at http://localhost:4444
[2025-07-02 21:30:39] ❌ Metro - Dawn Whole wheat paratha 5 pcs: No price found (set to None)
[2025-07-02 21:30:44] Processing SKU: Knorr Noodles for Metro
[2025-07-02 21:30:44] Scraping price from Metro: https://www.naheed.pk/knorr-noodles-chatt-patta-family-pack-4-pack-inside
[2025-07-02 21:30:44] Connecting to ChromeDriver at http://localhost:4444
[2025-07-02 21:30:44] Selenium/WebDriver error: JSON decoding of remote response failed.
Error code: 4
The response: 'unhandled request'
. Make sure Selenium server (e.g. ChromeDriver) is running at http://localhost:4444
[2025-07-02 21:30:44] ❌ Metro - Knorr Noodles: No price found (set to None)
[2025-07-02 21:30:49] Processing SKU: Tapal Danedar 900gm for Metro
[2025-07-02 21:30:49] Scraping price from Metro: https://www.naheed.pk/tapal-danedar-tea-900g
[2025-07-02 21:30:49] Connecting to ChromeDriver at http://localhost:4444
[2025-07-02 21:30:49] Selenium/WebDriver error: JSON decoding of remote response failed.
Error code: 4
The response: 'unhandled request'
. Make sure Selenium server (e.g. ChromeDriver) is running at http://localhost:4444
[2025-07-02 21:30:49] ❌ Metro - Tapal Danedar 900gm: No price found (set to None)
[2025-07-02 21:30:54] Processing SKU: Sugar 1kg for Metro
[2025-07-02 21:30:54] Scraping price from Metro: https://www.naheed.pk/naheed-sugar-danedar-special-1-kg
[2025-07-02 21:30:54] Connecting to ChromeDriver at http://localhost:4444
[2025-07-02 21:30:54] Selenium/WebDriver error: JSON decoding of remote response failed.
Error code: 4
The response: 'unhandled request'
. Make sure Selenium server (e.g. ChromeDriver) is running at http://localhost:4444
[2025-07-02 21:30:54] ❌ Metro - Sugar 1kg: No price found (set to None)
[2025-07-02 21:30:54] ✅ Completed processing Metro data!
[2025-07-02 21:30:54] Total products processed: 5
[2025-07-02 21:30:54] Saving Metro data to CSV: metro.csv
[2025-07-02 21:30:54] ✅ Saved 5 Metro products to CSV!
[2025-07-02 21:30:54] Creating MySQL table...
[2025-07-02 21:30:54] ✅ MySQL table created successfully!
[2025-07-02 21:30:54] Saving Metro data to MySQL...
[2025-07-02 21:30:54] Updated Metro data for SKU: dawn paratha plain paratha 5 pcs
[2025-07-02 21:30:54] Updated Metro data for SKU: Dawn Whole wheat paratha 5 pcs
[2025-07-02 21:30:54] Updated Metro data for SKU: Knorr Noodles
[2025-07-02 21:30:54] Updated Metro data for SKU: Tapal Danedar 900gm
[2025-07-02 21:30:54] Updated Metro data for SKU: Sugar 1kg
[2025-07-02 21:30:54] ✅ Saved 5 Metro products to MySQL!
[2025-07-02 21:30:54] Saving Metro data to CSV: metro.csv
[2025-07-02 21:30:54] ✅ Saved 5 Metro products to CSV!
[2025-07-02 21:35:45] Initializing MetroPriceScraper
[2025-07-02 21:35:45] Starting to process CSV file for Metro...
[2025-07-02 21:35:45] Processing SKU: dawn paratha plain paratha 5 pcs for Metro
[2025-07-02 21:35:45] Scraping price from Metro: https://www.naheed.pk/dawn-paratha-5-pieces
[2025-07-02 21:35:45] Connecting to Selenium WebDriver at http://localhost:4444/wd/hub
[2025-07-02 21:35:46] Selenium/WebDriver error: JSON decoding of remote response failed.
Error code: 4
The response: 'unhandled request'
. Make sure Selenium server (e.g. ChromeDriver) is running at http://localhost:4444/wd/hub
[2025-07-02 21:35:46] ❌ Metro - dawn paratha plain paratha 5 pcs: No price found (set to None)
[2025-07-02 21:35:51] Processing SKU: Dawn Whole wheat paratha 5 pcs for Metro
[2025-07-02 21:35:51] Scraping price from Metro: https://www.naheed.pk/dawn-whole-wheat-paratha-5-pieces
[2025-07-02 21:35:51] Connecting to Selenium WebDriver at http://localhost:4444/wd/hub
[2025-07-02 21:35:51] Selenium/WebDriver error: JSON decoding of remote response failed.
Error code: 4
The response: 'unhandled request'
. Make sure Selenium server (e.g. ChromeDriver) is running at http://localhost:4444/wd/hub
[2025-07-02 21:35:51] ❌ Metro - Dawn Whole wheat paratha 5 pcs: No price found (set to None)
[2025-07-02 21:37:08] Initializing MetroPriceScraper
[2025-07-02 21:37:08] Starting to process CSV file for Metro...
[2025-07-02 21:37:08] Processing SKU: dawn paratha plain paratha 5 pcs for Metro
[2025-07-02 21:37:08] Scraping price from Metro: https://www.naheed.pk/dawn-paratha-5-pieces
[2025-07-02 21:37:08] Connecting to Selenium WebDriver at http://localhost:4444/wd/hub
[2025-07-02 21:37:08] Selenium/WebDriver error: JSON decoding of remote response failed.
Error code: 4
The response: 'unhandled request'
. Make sure Selenium server (e.g. ChromeDriver) is running at http://localhost:4444/wd/hub
[2025-07-02 21:37:08] ❌ Metro - dawn paratha plain paratha 5 pcs: No price found (set to None)
[2025-07-02 21:38:32] Initializing MetroPriceScraper
[2025-07-02 21:38:32] Starting to process CSV file for Metro...
[2025-07-02 21:38:32] Processing SKU: dawn paratha plain paratha 5 pcs for Metro
[2025-07-02 21:38:32] Scraping price from Metro: https://www.naheed.pk/dawn-paratha-5-pieces
[2025-07-02 21:38:32] Connecting to Selenium WebDriver at http://localhost:4444/wd/hub
[2025-07-02 21:38:37] Page title (array): Array
(
    [error] => unknown command
    [message] => unknown command: unknown command: wd/hub/session//title
    [stacktrace] => 	GetHandleVerifier [0x0x7ff7190d6f95+76917]
	GetHandleVerifier [0x0x7ff7190d6ff0+77008]
	(No symbol) [0x0x7ff718e89dea]
	(No symbol) [0x0x7ff718f02441]
	(No symbol) [0x0x7ff718f01f19]
	(No symbol) [0x0x7ff718e54b05]
	GetHandleVerifier [0x0x7ff7193ad2cd+3051437]
	GetHandleVerifier [0x0x7ff7193a7923+3028483]
	GetHandleVerifier [0x0x7ff7193c58bd+3151261]
	GetHandleVerifier [0x0x7ff7190f185e+185662]
	GetHandleVerifier [0x0x7ff7190f971f+218111]
	(No symbol) [0x0x7ff718e53b00]
	GetHandleVerifier [0x0x7ff7194c5f38+4201496]
	BaseThreadInitThunk [0x0x7ff925c6259d+29]
	RtlUserThreadStart [0x0x7ff92636af78+40]

)

[2025-07-02 21:38:37] ✅ Metro - dawn paratha plain paratha 5 pcs: 7.00
[2025-07-02 21:38:42] Processing SKU: Dawn Whole wheat paratha 5 pcs for Metro
[2025-07-02 21:38:42] Scraping price from Metro: https://www.naheed.pk/dawn-whole-wheat-paratha-5-pieces
[2025-07-02 21:38:42] Connecting to Selenium WebDriver at http://localhost:4444/wd/hub
[2025-07-02 21:38:47] Page title (array): Array
(
    [error] => unknown command
    [message] => unknown command: unknown command: wd/hub/session//title
    [stacktrace] => 	GetHandleVerifier [0x0x7ff7190d6f95+76917]
	GetHandleVerifier [0x0x7ff7190d6ff0+77008]
	(No symbol) [0x0x7ff718e89dea]
	(No symbol) [0x0x7ff718f02441]
	(No symbol) [0x0x7ff718f01f19]
	(No symbol) [0x0x7ff718e54b05]
	GetHandleVerifier [0x0x7ff7193ad2cd+3051437]
	GetHandleVerifier [0x0x7ff7193a7923+3028483]
	GetHandleVerifier [0x0x7ff7193c58bd+3151261]
	GetHandleVerifier [0x0x7ff7190f185e+185662]
	GetHandleVerifier [0x0x7ff7190f971f+218111]
	(No symbol) [0x0x7ff718e53b00]
	GetHandleVerifier [0x0x7ff7194c5f38+4201496]
	BaseThreadInitThunk [0x0x7ff925c6259d+29]
	RtlUserThreadStart [0x0x7ff92636af78+40]

)

[2025-07-02 21:38:47] ✅ Metro - Dawn Whole wheat paratha 5 pcs: 7.00
[2025-07-02 21:38:52] Processing SKU: Knorr Noodles for Metro
[2025-07-02 21:38:52] Scraping price from Metro: https://www.naheed.pk/knorr-noodles-chatt-patta-family-pack-4-pack-inside
[2025-07-02 21:38:52] Connecting to Selenium WebDriver at http://localhost:4444/wd/hub
[2025-07-02 21:38:57] Page title (array): Array
(
    [error] => unknown command
    [message] => unknown command: unknown command: wd/hub/session//title
    [stacktrace] => 	GetHandleVerifier [0x0x7ff7190d6f95+76917]
	GetHandleVerifier [0x0x7ff7190d6ff0+77008]
	(No symbol) [0x0x7ff718e89dea]
	(No symbol) [0x0x7ff718f02441]
	(No symbol) [0x0x7ff718f01f19]
	(No symbol) [0x0x7ff718e54b05]
	GetHandleVerifier [0x0x7ff7193ad2cd+3051437]
	GetHandleVerifier [0x0x7ff7193a7923+3028483]
	GetHandleVerifier [0x0x7ff7193c58bd+3151261]
	GetHandleVerifier [0x0x7ff7190f185e+185662]
	GetHandleVerifier [0x0x7ff7190f971f+218111]
	(No symbol) [0x0x7ff718e53b00]
	GetHandleVerifier [0x0x7ff7194c5f38+4201496]
	BaseThreadInitThunk [0x0x7ff925c6259d+29]
	RtlUserThreadStart [0x0x7ff92636af78+40]

)

[2025-07-02 21:38:57] ✅ Metro - Knorr Noodles: 7.00
[2025-07-02 21:39:32] Initializing MetroPriceScraper
[2025-07-02 21:39:32] Starting to process CSV file for Metro...
[2025-07-02 21:39:32] Processing SKU: dawn paratha plain paratha 5 pcs for Metro
[2025-07-02 21:39:32] Scraping price from Metro: https://www.naheed.pk/dawn-paratha-5-pieces
[2025-07-02 21:39:32] Connecting to ChromeDriver at http://localhost:4444
[2025-07-02 21:39:46] Page title: Order Dawn Paratha 5 Pieces Online at Special Price in Pakistan - Naheed.pk
[2025-07-02 21:40:07] ❌ Metro - dawn paratha plain paratha 5 pcs: No price found (set to None)
[2025-07-02 21:40:12] Processing SKU: Dawn Whole wheat paratha 5 pcs for Metro
[2025-07-02 21:40:12] Scraping price from Metro: https://www.naheed.pk/dawn-whole-wheat-paratha-5-pieces
[2025-07-02 21:40:12] Connecting to ChromeDriver at http://localhost:4444
[2025-07-02 21:40:25] Page title: Order Dawn Whole Wheat Paratha 5 Pieces Online at Special Price in Pakistan - Naheed.pk
[2025-07-02 21:40:30] Selenium/WebDriver error: no such window: target window already closed
from unknown error: web view not found
  (Session info: chrome=138.0.7204.97)
  (Driver info: chromedriver=138.0.7204.92 (f079b9bc781e3c2adb1496ea1d72812deb0ddb3d-refs/branch-heads/7204_50@{#8}),platform=Windows NT 10.0.22631 x86_64). Make sure Selenium server (e.g. ChromeDriver) is running at http://localhost:4444
[2025-07-02 21:40:30] ❌ Metro - Dawn Whole wheat paratha 5 pcs: No price found (set to None)
[2025-07-02 21:40:35] Processing SKU: Knorr Noodles for Metro
[2025-07-02 21:40:35] Scraping price from Metro: https://www.naheed.pk/knorr-noodles-chatt-patta-family-pack-4-pack-inside
[2025-07-02 21:40:35] Connecting to ChromeDriver at http://localhost:4444
[2025-07-02 21:40:43] Selenium/WebDriver error: no such window: target window already closed
from unknown error: web view not found
  (Session info: chrome=138.0.7204.97)
  (Driver info: chromedriver=138.0.7204.92 (f079b9bc781e3c2adb1496ea1d72812deb0ddb3d-refs/branch-heads/7204_50@{#8}),platform=Windows NT 10.0.22631 x86_64). Make sure Selenium server (e.g. ChromeDriver) is running at http://localhost:4444
[2025-07-02 21:40:43] ❌ Metro - Knorr Noodles: No price found (set to None)
[2025-07-02 21:40:48] Processing SKU: Tapal Danedar 900gm for Metro
[2025-07-02 21:40:48] Scraping price from Metro: https://www.naheed.pk/tapal-danedar-tea-900g
[2025-07-02 21:40:48] Connecting to ChromeDriver at http://localhost:4444
[2025-07-02 21:40:59] Selenium/WebDriver error: no such window: target window already closed
from unknown error: web view not found
  (Session info: chrome=138.0.7204.97)
  (Driver info: chromedriver=138.0.7204.92 (f079b9bc781e3c2adb1496ea1d72812deb0ddb3d-refs/branch-heads/7204_50@{#8}),platform=Windows NT 10.0.22631 x86_64). Make sure Selenium server (e.g. ChromeDriver) is running at http://localhost:4444
[2025-07-02 21:40:59] ❌ Metro - Tapal Danedar 900gm: No price found (set to None)
[2025-07-02 21:41:04] Processing SKU: Sugar 1kg for Metro
[2025-07-02 21:41:04] Scraping price from Metro: https://www.naheed.pk/naheed-sugar-danedar-special-1-kg
[2025-07-02 21:41:04] Connecting to ChromeDriver at http://localhost:4444
[2025-07-02 21:41:12] Page title: 
[2025-07-02 21:41:12] Selenium/WebDriver error: no such window: target window already closed
from unknown error: web view not found
  (Session info: chrome=138.0.7204.97)
  (Driver info: chromedriver=138.0.7204.92 (f079b9bc781e3c2adb1496ea1d72812deb0ddb3d-refs/branch-heads/7204_50@{#8}),platform=Windows NT 10.0.22631 x86_64). Make sure Selenium server (e.g. ChromeDriver) is running at http://localhost:4444
[2025-07-02 21:41:12] ❌ Metro - Sugar 1kg: No price found (set to None)
[2025-07-02 21:41:12] ✅ Completed processing Metro data!
[2025-07-02 21:41:12] Total products processed: 5
[2025-07-02 21:41:12] Saving Metro data to CSV: metro.csv
[2025-07-02 21:41:12] ✅ Saved 5 Metro products to CSV!
[2025-07-02 21:41:12] Creating MySQL table...
[2025-07-02 21:41:12] ✅ MySQL table created successfully!
[2025-07-02 21:41:12] Saving Metro data to MySQL...
[2025-07-02 21:41:12] Updated Metro data for SKU: dawn paratha plain paratha 5 pcs
[2025-07-02 21:41:12] Updated Metro data for SKU: Dawn Whole wheat paratha 5 pcs
[2025-07-02 21:41:12] Updated Metro data for SKU: Knorr Noodles
[2025-07-02 21:41:12] Updated Metro data for SKU: Tapal Danedar 900gm
[2025-07-02 21:41:12] Updated Metro data for SKU: Sugar 1kg
[2025-07-02 21:41:12] ✅ Saved 5 Metro products to MySQL!
[2025-07-02 21:41:12] Saving Metro data to CSV: metro.csv
[2025-07-02 21:41:12] ✅ Saved 5 Metro products to CSV!
[2025-07-02 21:41:12] Initializing MetroPriceScraper
[2025-07-02 21:41:12] Starting to process CSV file for Metro...
[2025-07-02 21:41:12] Processing SKU: dawn paratha plain paratha 5 pcs for Metro
[2025-07-02 21:41:12] Scraping price from Metro: https://www.naheed.pk/dawn-paratha-5-pieces
[2025-07-02 21:41:12] Connecting to ChromeDriver at http://localhost:4444
[2025-07-02 21:41:18] Selenium/WebDriver error: no such window: target window already closed
from unknown error: web view not found
  (Session info: chrome=138.0.7204.97)
  (Driver info: chromedriver=138.0.7204.92 (f079b9bc781e3c2adb1496ea1d72812deb0ddb3d-refs/branch-heads/7204_50@{#8}),platform=Windows NT 10.0.22631 x86_64). Make sure ChromeDriver is running at http://localhost:4444
[2025-07-02 21:41:18] ❌ Metro - dawn paratha plain paratha 5 pcs: No price found (set to None)
[2025-07-02 21:41:23] Processing SKU: Dawn Whole wheat paratha 5 pcs for Metro
[2025-07-02 21:41:23] Scraping price from Metro: https://www.naheed.pk/dawn-whole-wheat-paratha-5-pieces
[2025-07-02 21:41:23] Connecting to ChromeDriver at http://localhost:4444
[2025-07-02 21:41:30] Selenium/WebDriver error: no such window: target window already closed
from unknown error: web view not found
  (Session info: chrome=138.0.7204.97)
  (Driver info: chromedriver=138.0.7204.92 (f079b9bc781e3c2adb1496ea1d72812deb0ddb3d-refs/branch-heads/7204_50@{#8}),platform=Windows NT 10.0.22631 x86_64). Make sure ChromeDriver is running at http://localhost:4444
[2025-07-02 21:41:30] ❌ Metro - Dawn Whole wheat paratha 5 pcs: No price found (set to None)
[2025-07-02 21:41:35] Processing SKU: Knorr Noodles for Metro
[2025-07-02 21:41:35] Scraping price from Metro: https://www.naheed.pk/knorr-noodles-chatt-patta-family-pack-4-pack-inside
[2025-07-02 21:41:35] Connecting to ChromeDriver at http://localhost:4444
[2025-07-02 21:41:41] Selenium/WebDriver error: no such window: target window already closed
from unknown error: web view not found
  (Session info: chrome=138.0.7204.97)
  (Driver info: chromedriver=138.0.7204.92 (f079b9bc781e3c2adb1496ea1d72812deb0ddb3d-refs/branch-heads/7204_50@{#8}),platform=Windows NT 10.0.22631 x86_64). Make sure ChromeDriver is running at http://localhost:4444
[2025-07-02 21:41:41] ❌ Metro - Knorr Noodles: No price found (set to None)
[2025-07-02 21:41:46] Processing SKU: Tapal Danedar 900gm for Metro
[2025-07-02 21:41:46] Scraping price from Metro: https://www.naheed.pk/tapal-danedar-tea-900g
[2025-07-02 21:41:46] Connecting to ChromeDriver at http://localhost:4444
[2025-07-02 21:41:52] Selenium/WebDriver error: no such window: target window already closed
from unknown error: web view not found
  (Session info: chrome=138.0.7204.97)
  (Driver info: chromedriver=138.0.7204.92 (f079b9bc781e3c2adb1496ea1d72812deb0ddb3d-refs/branch-heads/7204_50@{#8}),platform=Windows NT 10.0.22631 x86_64). Make sure ChromeDriver is running at http://localhost:4444
[2025-07-02 21:41:52] ❌ Metro - Tapal Danedar 900gm: No price found (set to None)
[2025-07-02 21:41:57] Processing SKU: Sugar 1kg for Metro
[2025-07-02 21:41:57] Scraping price from Metro: https://www.naheed.pk/naheed-sugar-danedar-special-1-kg
[2025-07-02 21:41:57] Connecting to ChromeDriver at http://localhost:4444
[2025-07-02 21:42:02] Selenium/WebDriver error: no such window: target window already closed
from unknown error: web view not found
  (Session info: chrome=138.0.7204.97)
  (Driver info: chromedriver=138.0.7204.92 (f079b9bc781e3c2adb1496ea1d72812deb0ddb3d-refs/branch-heads/7204_50@{#8}),platform=Windows NT 10.0.22631 x86_64). Make sure ChromeDriver is running at http://localhost:4444
[2025-07-02 21:42:02] ❌ Metro - Sugar 1kg: No price found (set to None)
[2025-07-02 21:42:02] ✅ Completed processing Metro data!
[2025-07-02 21:42:02] Total products processed: 5
[2025-07-02 21:42:02] Saving Metro data to CSV: metro.csv
[2025-07-02 21:42:02] ✅ Saved 5 Metro products to CSV!
[2025-07-02 21:42:02] Creating MySQL table...
[2025-07-02 21:42:02] ✅ MySQL table created successfully!
[2025-07-02 21:42:02] Saving Metro data to MySQL...
[2025-07-02 21:42:03] Updated Metro data for SKU: dawn paratha plain paratha 5 pcs
[2025-07-02 21:42:03] Updated Metro data for SKU: Dawn Whole wheat paratha 5 pcs
[2025-07-02 21:42:03] Updated Metro data for SKU: Knorr Noodles
[2025-07-02 21:42:03] Updated Metro data for SKU: Tapal Danedar 900gm
[2025-07-02 21:42:03] Updated Metro data for SKU: Sugar 1kg
[2025-07-02 21:42:03] ✅ Saved 5 Metro products to MySQL!
[2025-07-02 21:42:03] Saving Metro data to CSV: metro.csv
[2025-07-02 21:42:03] ✅ Saved 5 Metro products to CSV!
